android/build/intermediates/manifest_merge_blame_file/debug/manifest-merger-blame-debug-report.txt
1<?xml version="1.0" encoding="utf-8"?>
2<manifest xmlns:android="http://schemas.android.com/apk/res/android"
3    package="com.game.flappybird"
4    android:versionCode="1"
5    android:versionName="1.0" >
6
7    <uses-sdk
8        android:minSdkVersion="14"
8-->flappy-bird/android/AndroidManifest.xml
9        android:targetSdkVersion="34" />
9-->flappy-bird/android/AndroidManifest.xml
10
11    <uses-feature
11-->flappy-bird/android/AndroidManifest.xml:6:5-78
12        android:glEsVersion="0x00020000"
12-->flappy-bird/android/AndroidManifest.xml:6:19-51
13        android:required="true" />
13-->flappy-bird/android/AndroidManifest.xml:6:52-75
14
15    <application
15-->flappy-bird/android/AndroidManifest.xml:8:5-26:19
16        android:allowBackup="true"
16-->flappy-bird/android/AndroidManifest.xml:9:9-35
17        android:appCategory="game"
17-->flappy-bird/android/AndroidManifest.xml:12:9-35
18        android:debuggable="true"
19        android:icon="@drawable/ic_launcher"
19-->flappy-bird/android/AndroidManifest.xml:10:9-45
20        android:isGame="true"
20-->flappy-bird/android/AndroidManifest.xml:11:9-30
21        android:label="@string/app_name"
21-->flappy-bird/android/AndroidManifest.xml:13:9-41
22        android:testOnly="true" >
23        <activity
23-->flappy-bird/android/AndroidManifest.xml:15:9-25:20
24            android:name="com.game.flappybird.AndroidLauncher"
24-->flappy-bird/android/AndroidManifest.xml:16:13-63
25            android:configChanges="keyboard|keyboardHidden|navigation|orientation|screenSize|screenLayout"
25-->flappy-bird/android/AndroidManifest.xml:19:13-107
26            android:exported="true"
26-->flappy-bird/android/AndroidManifest.xml:20:13-36
27            android:label="@string/app_name"
27-->flappy-bird/android/AndroidManifest.xml:17:13-45
28            android:screenOrientation="portrait" >
28-->flappy-bird/android/AndroidManifest.xml:18:13-49
29            <intent-filter>
29-->flappy-bird/android/AndroidManifest.xml:21:13-24:29
30                <action android:name="android.intent.action.MAIN" />
30-->flappy-bird/android/AndroidManifest.xml:22:17-69
30-->flappy-bird/android/AndroidManifest.xml:22:25-66
31
32                <category android:name="android.intent.category.LAUNCHER" />
32-->flappy-bird/android/AndroidManifest.xml:23:17-77
32-->flappy-bird/android/AndroidManifest.xml:23:27-74
33            </intent-filter>
34        </activity>
35    </application>
36
37</manifest>